<?xml version="1.0" encoding="UTF-8"?>
<!-- Generated by org.testng.reporters.JUnitReportReporter -->
<testsuite hostname="LAPTOP-J9KR8E39" failures="0" tests="1" name="testNG.DataProviderTest" time="0.000" errors="0" timestamp="2022-10-14T11:48:14 IST" skipped="1">
  <testcase classname="testNG.DataProviderTest" name="companyDetails" time="0.000">
    <skipped/>
  </testcase> <!-- companyDetails -->
  <system-out/>
</testsuite> <!-- testNG.DataProviderTest -->
