<?xml version="1.0" encoding="UTF-8"?>
<!-- Generated by org.testng.reporters.JUnitReportReporter -->
<testsuite hostname="LAPTOP-J9KR8E39" failures="0" tests="5" name="Practice.DataProviderTest" time="0.035" errors="0" timestamp="2022-10-07T10:38:19 IST" skipped="0">
  <testcase classname="Practice.DataProviderTest" name="bookTicket" time="0.004"/>
  <system-out/>
  <testcase classname="Practice.DataProviderTest" name="bookTicket" time="0.014"/>
  <system-out/>
  <testcase classname="Practice.DataProviderTest" name="bookTicket" time="0.010"/>
  <system-out/>
  <testcase classname="Practice.DataProviderTest" name="bookTicket" time="0.002"/>
  <system-out/>
  <testcase classname="Practice.DataProviderTest" name="bookTicket" time="0.005"/>
  <system-out/>
</testsuite> <!-- Practice.DataProviderTest -->
