<?xml version="1.0" encoding="UTF-8"?>
<!-- Generated by org.testng.reporters.JUnitReportReporter -->
<testsuite hostname="LAPTOP-J9KR8E39" failures="0" tests="3" name="Practice.SampleTestNg" time="0.016" errors="0" timestamp="2022-10-04T13:33:22 IST" skipped="0">
  <testcase classname="Practice.SampleTestNg" name="deleteCustomerTest" time="0.001"/>
  <system-out/>
  <testcase classname="Practice.SampleTestNg" name="modifyCustomerTest" time="0.001"/>
  <system-out/>
  <testcase classname="Practice.SampleTestNg" name="createCustomerTest" time="0.014"/>
  <system-out/>
</testsuite> <!-- Practice.SampleTestNg -->
