<?xml version="1.0" encoding="UTF-8"?>
<!-- Generated by org.testng.reporters.JUnitReportReporter -->
<testsuite hostname="LAPTOP-J9KR8E39" failures="0" tests="2" name="Practice.HardAssert" time="0.025" errors="0" timestamp="2022-10-07T11:11:15 IST" skipped="0">
  <testcase classname="Practice.HardAssert" name="createCustomerTest" time="0.022"/>
  <system-out/>
  <testcase classname="Practice.HardAssert" name="modifyCustomerTest" time="0.003"/>
  <system-out/>
</testsuite> <!-- Practice.HardAssert -->
