<?xml version="1.0" encoding="UTF-8"?>
<!-- Generated by org.testng.reporters.JUnitReportReporter -->
<testsuite hostname="LAPTOP-J9KR8E39" failures="0" tests="1" name="testNG.CreateProductTestNG" time="57.949" errors="0" timestamp="2022-10-11T10:39:33 IST" skipped="0">
  <testcase classname="testNG.CreateProductTestNG" name="createProductProductTestNG" time="57.949"/>
  <system-out/>
</testsuite> <!-- testNG.CreateProductTestNG -->
