<?xml version="1.0" encoding="UTF-8"?>
<!-- Generated by org.testng.reporters.JUnitReportReporter -->
<testsuite hostname="LAPTOP-J9KR8E39" failures="0" tests="3" name="Practice.Priorities$PrioritiesOfTestCases" time="0.031" errors="0" timestamp="2022-10-04T12:46:12 IST" skipped="0">
  <testcase classname="Practice.Priorities$PrioritiesOfTestCases" name="chats" time="0.027"/>
  <system-out>
    <![CDATA[chats]]>
  </system-out>
  <testcase classname="Practice.Priorities$PrioritiesOfTestCases" name="settings" time="0.002"/>
  <system-out>
    <![CDATA[settings]]>
  </system-out>
  <testcase classname="Practice.Priorities$PrioritiesOfTestCases" name="calls" time="0.002"/>
  <system-out>
    <![CDATA[calls]]>
  </system-out>
</testsuite> <!-- Practice.Priorities$PrioritiesOfTestCases -->
